<?xml version="1.0" encoding="UTF-8"?>
<testsuite xmlns:xsi="http://www.w3.org/2001/XMLSchema-instance" xsi:noNamespaceSchemaLocation="https://maven.apache.org/surefire/maven-surefire-plugin/xsd/surefire-test-report.xsd" version="3.0.2" name="com.test.ambev.order_service.controller.PedidoControllerTest" time="0.681" tests="3" errors="0" skipped="0" failures="0">
  <properties>
[...]
</properties>
  <testcase name="testProcessarPedido" classname="com.test.ambev.order_service.controller.PedidoControllerTest" time="0.3">
    <system-out><![CDATA[2024-12-11T11:49:36.644-03:00  INFO 69837 --- [order-service] [           main] t.c.s.AnnotationConfigContextLoaderUtils : Could not detect default configuration classes for test class [com.test.ambev.order_service.controller.PedidoControllerTest]: PedidoControllerTest does not declare any static, non-private, non-final, nested classes annotated with @Configuration.
2024-12-11T11:49:36.651-03:00  INFO 69837 --- [order-service] [           main] .b.t.c.SpringBootTestContextBootstrapper : Found @SpringBootConfiguration com.test.ambev.order_service.OrderServiceApplication for test class com.test.ambev.order_service.controller.PedidoControllerTest
2024-12-11T11:49:36.653-03:00  INFO 69837 --- [order-service] [           main] o.s.b.d.r.RestartApplicationListener     : Restart disabled due to context in which it is running

  .   ____          _            __ _ _
 /\\ / ___'_ __ _ _(_)_ __  __ _ \ \ \ \
( ( )\___ | '_ | '_| | '_ \/ _` | \ \ \ \
 \\/  ___)| |_)| | | | | || (_| |  ) ) ) )
  '  |____| .__|_| |_|_| |_\__, | / / / /
 =========|_|==============|___/=/_/_/_/

 :: Spring Boot ::                (v3.4.0)

2024-12-11T11:49:36.662-03:00  INFO 69837 --- [order-service] [           main] c.t.a.o.controller.PedidoControllerTest  : Starting PedidoControllerTest using Java 17.0.12 with PID 69837 (started by rafael in /Users/rafael/IdeaProjects/order-service)
2024-12-11T11:49:36.662-03:00  INFO 69837 --- [order-service] [           main] c.t.a.o.controller.PedidoControllerTest  : No active profile set, falling back to 1 default profile: "default"
2024-12-11T11:49:36.742-03:00  INFO 69837 --- [order-service] [           main] .s.d.r.c.RepositoryConfigurationDelegate : Multiple Spring Data modules found, entering strict repository configuration mode
2024-12-11T11:49:36.742-03:00  INFO 69837 --- [order-service] [           main] .s.d.r.c.RepositoryConfigurationDelegate : Bootstrapping Spring Data JPA repositories in DEFAULT mode.
2024-12-11T11:49:36.746-03:00  INFO 69837 --- [order-service] [           main] .s.d.r.c.RepositoryConfigurationDelegate : Finished Spring Data repository scanning in 3 ms. Found 2 JPA repository interfaces.
2024-12-11T11:49:36.748-03:00  INFO 69837 --- [order-service] [           main] .s.d.r.c.RepositoryConfigurationDelegate : Multiple Spring Data modules found, entering strict repository configuration mode
2024-12-11T11:49:36.748-03:00  INFO 69837 --- [order-service] [           main] .s.d.r.c.RepositoryConfigurationDelegate : Bootstrapping Spring Data Redis repositories in DEFAULT mode.
2024-12-11T11:49:36.749-03:00  INFO 69837 --- [order-service] [           main] .RepositoryConfigurationExtensionSupport : Spring Data Redis - Could not safely identify store assignment for repository candidate interface com.test.ambev.order_service.repository.PedidoRepository; If you want this repository to be a Redis repository, consider annotating your entities with one of these annotations: org.springframework.data.redis.core.RedisHash (preferred), or consider extending one of the following types with your repository: org.springframework.data.keyvalue.repository.KeyValueRepository
2024-12-11T11:49:36.749-03:00  INFO 69837 --- [order-service] [           main] .RepositoryConfigurationExtensionSupport : Spring Data Redis - Could not safely identify store assignment for repository candidate interface com.test.ambev.order_service.repository.ProdutoRepository; If you want this repository to be a Redis repository, consider annotating your entities with one of these annotations: org.springframework.data.redis.core.RedisHash (preferred), or consider extending one of the following types with your repository: org.springframework.data.keyvalue.repository.KeyValueRepository
2024-12-11T11:49:36.749-03:00  INFO 69837 --- [order-service] [           main] .s.d.r.c.RepositoryConfigurationDelegate : Finished Spring Data repository scanning in 1 ms. Found 0 Redis repository interfaces.
2024-12-11T11:49:36.792-03:00  INFO 69837 --- [order-service] [           main] com.zaxxer.hikari.HikariDataSource       : HikariPool-2 - Starting...
2024-12-11T11:49:36.793-03:00  INFO 69837 --- [order-service] [           main] com.zaxxer.hikari.pool.HikariPool        : HikariPool-2 - Added connection conn10: url=jdbc:h2:mem:testdb user=SA
2024-12-11T11:49:36.793-03:00  INFO 69837 --- [order-service] [           main] com.zaxxer.hikari.HikariDataSource       : HikariPool-2 - Start completed.
2024-12-11T11:49:36.794-03:00  INFO 69837 --- [order-service] [           main] org.flywaydb.core.FlywayExecutor         : Database: jdbc:h2:mem:testdb (H2 2.3)
2024-12-11T11:49:36.794-03:00  WARN 69837 --- [order-service] [           main] o.f.c.internal.database.base.Database    : Flyway upgrade recommended: H2 2.3.232 is newer than this version of Flyway and support has not been tested. The latest supported version of H2 is 2.2.224.
2024-12-11T11:49:36.797-03:00  INFO 69837 --- [order-service] [           main] o.f.core.internal.command.DbValidate     : Successfully validated 4 migrations (execution time 00:00.002s)
2024-12-11T11:49:36.798-03:00  INFO 69837 --- [order-service] [           main] o.f.core.internal.command.DbMigrate      : Current version of schema "PUBLIC": 4
2024-12-11T11:49:36.799-03:00  INFO 69837 --- [order-service] [           main] o.f.core.internal.command.DbMigrate      : Schema "PUBLIC" is up to date. No migration necessary.
2024-12-11T11:49:36.806-03:00  INFO 69837 --- [order-service] [           main] o.hibernate.jpa.internal.util.LogHelper  : HHH000204: Processing PersistenceUnitInfo [name: default]
2024-12-11T11:49:36.807-03:00  INFO 69837 --- [order-service] [           main] o.h.c.internal.RegionFactoryInitiator    : HHH000026: Second-level cache disabled
2024-12-11T11:49:36.812-03:00  INFO 69837 --- [order-service] [           main] o.s.o.j.p.SpringPersistenceUnitInfo      : No LoadTimeWeaver setup: ignoring JPA class transformer
2024-12-11T11:49:36.812-03:00  WARN 69837 --- [order-service] [           main] org.hibernate.orm.deprecation            : HHH90000025: H2Dialect does not need to be specified explicitly using 'hibernate.dialect' (remove the property setting and it will be selected by default)
2024-12-11T11:49:36.812-03:00  INFO 69837 --- [order-service] [           main] org.hibernate.orm.connections.pooling    : HHH10001005: Database info:
	Database JDBC URL [Connecting through datasource 'HikariDataSource (HikariPool-2)']
	Database driver: undefined/unknown
	Database version: 2.3.232
	Autocommit mode: undefined/unknown
	Isolation level: undefined/unknown
	Minimum pool size: undefined/unknown
	Maximum pool size: undefined/unknown
2024-12-11T11:49:36.836-03:00  INFO 69837 --- [order-service] [           main] o.h.e.t.j.p.i.JtaPlatformInitiator       : HHH000489: No JTA platform available (set 'hibernate.transaction.jta.platform' to enable JTA platform integration)
2024-12-11T11:49:36.837-03:00  INFO 69837 --- [order-service] [           main] j.LocalContainerEntityManagerFactoryBean : Initialized JPA EntityManagerFactory for persistence unit 'default'
2024-12-11T11:49:36.875-03:00  WARN 69837 --- [order-service] [           main] JpaBaseConfiguration$JpaWebConfiguration : spring.jpa.open-in-view is enabled by default. Therefore, database queries may be performed during view rendering. Explicitly configure spring.jpa.open-in-view to disable this warning
2024-12-11T11:49:36.921-03:00  INFO 69837 --- [order-service] [           main] o.s.b.a.h2.H2ConsoleAutoConfiguration    : H2 console available at '/h2-console'. Database available at 'jdbc:h2:mem:testdb'
2024-12-11T11:49:36.937-03:00  INFO 69837 --- [order-service] [           main] o.s.b.t.m.w.SpringBootMockServletContext : Initializing Spring TestDispatcherServlet ''
2024-12-11T11:49:36.937-03:00  INFO 69837 --- [order-service] [           main] o.s.t.web.servlet.TestDispatcherServlet  : Initializing Servlet ''
2024-12-11T11:49:36.938-03:00  INFO 69837 --- [order-service] [           main] o.s.t.web.servlet.TestDispatcherServlet  : Completed initialization in 0 ms
2024-12-11T11:49:36.946-03:00  INFO 69837 --- [order-service] [           main] c.t.a.o.controller.PedidoControllerTest  : Started PedidoControllerTest in 0.293 seconds (process running for 3.307)
]]></system-out>
  </testcase>
  <testcase name="testDisponibiliza" classname="com.test.ambev.order_service.controller.PedidoControllerTest" time="0.04">
    <system-out><![CDATA[2024-12-11T11:49:37.279-03:00  WARN 69837 --- [order-service] [           main] ration$PageModule$WarningLoggingModifier : Serializing PageImpl instances as-is is not supported, meaning that there is no guarantee about the stability of the resulting JSON structure!
	For a stable JSON structure, please use Spring Data's PagedModel (globally via @EnableSpringDataWebSupport(pageSerializationMode = VIA_DTO))
	or Spring HATEOAS and Spring Data's PagedResourcesAssembler as documented in https://docs.spring.io/spring-data/commons/reference/repositories/core-extensions.html#core.web.pageables.

]]></system-out>
  </testcase>
  <testcase name="testProcessados" classname="com.test.ambev.order_service.controller.PedidoControllerTest" time="0.033"/>
</testsuite>